0 info it worked if it ends with ok
1 verbose cli [ 'c:\\Program Files (x86)\\nodejs\\node.exe',
1 verbose cli   'c:\\Program Files (x86)\\nodejs\\node_modules\\npm\\bin\\npm-cli.js',
1 verbose cli   'publish' ]
2 info using npm@2.15.0
3 info using node@v4.4.2
4 verbose publish [ '.' ]
5 silly cache add args [ '.', null ]
6 verbose cache add spec .
7 silly cache add parsed spec Result {
7 silly cache add   raw: '.',
7 silly cache add   scope: null,
7 silly cache add   name: null,
7 silly cache add   rawSpec: '.',
7 silly cache add   spec: 'E:\\www\\node\\node-package',
7 silly cache add   type: 'directory' }
8 verbose addLocalDirectory C:\Users\hz16042180\AppData\Roaming\npm-cache\morong-lowercase\0.0.1\package.tgz not in flight; packing
9 verbose correctMkdir C:\Users\hz16042180\AppData\Roaming\npm-cache correctMkdir not in flight; initializing
10 verbose tar pack [ 'C:\\Users\\hz16042180\\AppData\\Roaming\\npm-cache\\morong-lowercase\\0.0.1\\package.tgz',
10 verbose tar pack   'E:\\www\\node\\node-package' ]
11 verbose tarball C:\Users\hz16042180\AppData\Roaming\npm-cache\morong-lowercase\0.0.1\package.tgz
12 verbose folder E:\www\node\node-package
13 info prepublish morong-lowercase@0.0.1
14 verbose addLocalTarball adding from inside cache C:\Users\hz16042180\AppData\Roaming\npm-cache\morong-lowercase\0.0.1\package.tgz
15 verbose correctMkdir C:\Users\hz16042180\AppData\Roaming\npm-cache correctMkdir not in flight; initializing
16 silly cache afterAdd morong-lowercase@0.0.1
17 verbose afterAdd C:\Users\hz16042180\AppData\Roaming\npm-cache\morong-lowercase\0.0.1\package\package.json not in flight; writing
18 verbose correctMkdir C:\Users\hz16042180\AppData\Roaming\npm-cache correctMkdir not in flight; initializing
19 verbose afterAdd C:\Users\hz16042180\AppData\Roaming\npm-cache\morong-lowercase\0.0.1\package\package.json written
20 silly publish { name: 'morong-lowercase',
20 silly publish   version: '0.0.1',
20 silly publish   description: 'A demo package of lowercase',
20 silly publish   main: 'lowercase.js',
20 silly publish   keywords: [ 'demo', 'lowercase' ],
20 silly publish   directories: { test: 'test' },
20 silly publish   scripts: { test: 'echo "Error: no test specified" && exit 1' },
20 silly publish   repository:
20 silly publish    { type: 'git',
20 silly publish      url: 'git+https://github.com/morongs/morong-lowercase.git' },
20 silly publish   engines: { node: '>=v0.10.5' },
20 silly publish   author: { name: 'MoRong', url: 'morongs.github.io' },
20 silly publish   license: 'MIT',
20 silly publish   readme: 'lowercase\r\n\r\n=============\r\n\r\nA demo package of lowercase\r\n\r\n```{bash}\r\nnpm install morong-lowercase\r\n```\r\n\r\n### author\r\n\r\nMoRong https://morongs.github.io\r\n\r\n### License\r\n\r\nMIT\r\n',
20 silly publish   readmeFilename: 'README.md',
20 silly publish   gitHead: 'a6560fb6a3368185e1ce73812cded6b46d599c4e',
20 silly publish   bugs: { url: 'https://github.com/morongs/morong-lowercase/issues' },
20 silly publish   homepage: 'https://github.com/morongs/morong-lowercase#readme',
20 silly publish   _id: 'morong-lowercase@0.0.1',
20 silly publish   _shasum: 'e58bd33ddb7cb2260c5a2cc880bf17877a1689f4',
20 silly publish   _from: '.' }
21 verbose getPublishConfig undefined
22 silly mapToRegistry name morong-lowercase
23 silly mapToRegistry using default registry
24 silly mapToRegistry registry http://npm.hzins.com/
25 silly mapToRegistry data Result {
25 silly mapToRegistry   raw: 'morong-lowercase',
25 silly mapToRegistry   scope: null,
25 silly mapToRegistry   name: 'morong-lowercase',
25 silly mapToRegistry   rawSpec: '',
25 silly mapToRegistry   spec: 'latest',
25 silly mapToRegistry   type: 'tag' }
26 silly mapToRegistry uri http://npm.hzins.com/morong-lowercase
27 verbose publish registryBase http://npm.hzins.com/
28 silly publish uploading C:\Users\hz16042180\AppData\Roaming\npm-cache\morong-lowercase\0.0.1\package.tgz
29 verbose request uri http://npm.hzins.com/morong-lowercase
30 verbose request sending authorization for write operation
31 info attempt registry request try #1 at 16:09:17
32 verbose request using bearer token for auth
33 verbose request id 239aacee42be43d8
34 http request PUT http://npm.hzins.com/morong-lowercase
35 http 409 http://npm.hzins.com/morong-lowercase
36 verbose headers { server: 'Tengine',
36 verbose headers   date: 'Wed, 21 Sep 2016 08:09:17 GMT',
36 verbose headers   'content-type': 'application/json; charset=utf-8',
36 verbose headers   'content-length': '49',
36 verbose headers   connection: 'keep-alive',
36 verbose headers   'x-powered-by': 'Sinopia/1.4.0',
36 verbose headers   vary: 'Accept-Encoding',
36 verbose headers   'x-status-cat': 'http://flic.kr/p/aV6jzz' }
37 verbose request invalidating C:\Users\hz16042180\AppData\Roaming\npm-cache\npm.hzins.com\morong-lowercase on PUT
38 verbose request uri http://npm.hzins.com/morong-lowercase?write=true
39 verbose request no auth needed
40 info attempt registry request try #1 at 16:09:17
41 verbose request using bearer token for auth
42 http request GET http://npm.hzins.com/morong-lowercase?write=true
43 http 200 http://npm.hzins.com/morong-lowercase?write=true
44 verbose headers { server: 'Tengine',
44 verbose headers   date: 'Wed, 21 Sep 2016 08:09:17 GMT',
44 verbose headers   'content-type': 'application/json; charset=utf-8',
44 verbose headers   'transfer-encoding': 'chunked',
44 verbose headers   connection: 'keep-alive',
44 verbose headers   'x-powered-by': 'Sinopia/1.4.0',
44 verbose headers   etag: '"c5ae75407f44fe2d5873828a67708764"',
44 verbose headers   vary: 'Accept-Encoding',
44 verbose headers   'content-encoding': 'gzip',
44 verbose headers   'x-status-cat': 'http://flic.kr/p/aVuVsF' }
45 verbose stack Error: cannot modify pre-existing version
45 verbose stack     at conflictError (c:\Program Files (x86)\nodejs\node_modules\npm\node_modules\npm-registry-client\lib\publish.js:182:11)
45 verbose stack     at CachingRegistryClient.putNext (c:\Program Files (x86)\nodejs\node_modules\npm\node_modules\npm-registry-client\lib\publish.js:145:15)
45 verbose stack     at c:\Program Files (x86)\nodejs\node_modules\npm\node_modules\npm-registry-client\lib\publish.js:128:15
45 verbose stack     at c:\Program Files (x86)\nodejs\node_modules\npm\lib\cache\caching-client.js:52:8
45 verbose stack     at f (c:\Program Files (x86)\nodejs\node_modules\npm\node_modules\once\once.js:17:25)
45 verbose stack     at c:\Program Files (x86)\nodejs\node_modules\npm\node_modules\npm-registry-client\lib\request.js:76:16
45 verbose stack     at f (c:\Program Files (x86)\nodejs\node_modules\npm\node_modules\once\once.js:17:25)
45 verbose stack     at CachingRegistryClient.<anonymous> (c:\Program Files (x86)\nodejs\node_modules\npm\node_modules\npm-registry-client\lib\request.js:259:12)
45 verbose stack     at c:\Program Files (x86)\nodejs\node_modules\npm\node_modules\npm-registry-client\lib\request.js:178:7
45 verbose stack     at Gunzip.onEnd (zlib.js:227:5)
46 verbose pkgid morong-lowercase
47 verbose cwd E:\www\node\node-package
48 error Windows_NT 6.1.7601
49 error argv "c:\\Program Files (x86)\\nodejs\\node.exe" "c:\\Program Files (x86)\\nodejs\\node_modules\\npm\\bin\\npm-cli.js" "publish"
50 error node v4.4.2
51 error npm  v2.15.0
52 error code EPUBLISHCONFLICT
53 error publish fail Cannot publish over existing version.
53 error publish fail Update the 'version' field in package.json and try again.
53 error publish fail
53 error publish fail To automatically increment version numbers, see:
53 error publish fail     npm help version
54 verbose exit [ 1, true ]
